[2025-04-26 22:39:07 PM INFO: Database connected successfully]
[2025-04-26 22:39:07 PM INFO: Server is running on port 5000]
[2025-04-26 22:39:48 PM INFO: Database connected successfully]
[2025-04-26 22:39:48 PM INFO: Server is running on lo5000]
[2025-04-26 22:39:51 PM INFO: Database connected successfully]
[2025-04-26 22:39:51 PM INFO: Server is running on loCALHOST5000]
[2025-04-26 22:39:55 PM INFO: Database connected successfully]
[2025-04-26 22:39:55 PM INFO: Server is running on hht5000]
[2025-04-26 22:39:57 PM INFO: Database connected successfully]
[2025-04-26 22:39:57 PM INFO: Server is running on htt5000]
[2025-04-26 22:39:58 PM INFO: Database connected successfully]
[2025-04-26 22:39:58 PM INFO: Server is running on http5000]
[2025-04-26 22:40:03 PM INFO: Database connected successfully]
[2025-04-26 22:40:03 PM INFO: Server is running on http://5000]
[2025-04-26 22:40:05 PM INFO: Database connected successfully]
[2025-04-26 22:40:05 PM INFO: Server is running on http://local5000]
[2025-04-26 22:40:06 PM INFO: Database connected successfully]
[2025-04-26 22:40:06 PM INFO: Server is running on http://localhost5000]
[2025-04-26 22:40:13 PM INFO: Database connected successfully]
[2025-04-26 22:40:13 PM INFO: Server is running on http://localhost/5000]
[2025-04-26 22:41:17 PM INFO: Database connected successfully]
[2025-04-26 22:41:17 PM INFO: Server is running on http://localhost:5000]
[2025-04-26 23:09:49 PM INFO: Database connected successfully]
[2025-04-26 23:09:49 PM INFO: Server is running on http://localhost:5000]
[2025-04-26 23:40:40 PM INFO: Database connected successfully]
[2025-04-26 23:40:40 PM INFO: Server is running on http://localhost:5000]
[2025-04-26 23:40:44 PM INFO: Database connected successfully]
[2025-04-26 23:40:44 PM INFO: Server is running on http://localhost:5000]
[2025-04-26 23:40:47 PM INFO: Database connected successfully]
[2025-04-26 23:40:47 PM INFO: Server is running on http://localhost:5000]
[2025-04-26 23:40:50 PM INFO: Database connected successfully]
[2025-04-26 23:40:50 PM INFO: Server is running on http://localhost:5000]
[2025-04-26 23:40:54 PM INFO: Database connected successfully]
[2025-04-26 23:40:54 PM INFO: Server is running on http://localhost:5000]
[2025-04-26 23:41:12 PM INFO: Database connected successfully]
[2025-04-26 23:41:12 PM INFO: Server is running on http://localhost:5000]
[2025-04-26 23:41:21 PM INFO: Database connected successfully]
[2025-04-26 23:41:22 PM INFO: Server is running on http://localhost:5000]
[2025-04-26 23:41:26 PM INFO: Database connected successfully]
[2025-04-26 23:41:26 PM INFO: Server is running on http://localhost:5000]
[2025-04-26 23:41:44 PM INFO: Database connected successfully]
[2025-04-26 23:41:44 PM INFO: Server is running on http://localhost:5000]
[2025-04-26 23:41:51 PM INFO: Database connected successfully]
[2025-04-26 23:41:52 PM INFO: Server is running on http://localhost:5000]
[2025-04-26 23:42:02 PM INFO: Database connected successfully]
[2025-04-26 23:42:02 PM INFO: Server is running on http://localhost:5000]
[2025-04-26 23:42:05 PM INFO: Database connected successfully]
[2025-04-26 23:42:05 PM INFO: Server is running on http://localhost:5000]
[2025-04-26 23:42:09 PM INFO: Database connected successfully]
[2025-04-26 23:42:09 PM INFO: Server is running on http://localhost:5000]
[2025-04-26 23:42:36 PM INFO: Database connected successfully]
[2025-04-26 23:42:36 PM INFO: Server is running on http://localhost:5000]
[2025-04-26 23:42:42 PM INFO: Database connected successfully]
[2025-04-26 23:42:42 PM INFO: Server is running on http://localhost:5000]
[2025-04-26 23:42:43 PM INFO: Database connected successfully]
[2025-04-26 23:42:43 PM INFO: Server is running on http://localhost:5000]
[2025-04-26 23:42:45 PM INFO: Database connected successfully]
[2025-04-26 23:42:45 PM INFO: Server is running on http://localhost:5000]
[2025-04-26 23:42:47 PM INFO: Database connected successfully]
[2025-04-26 23:42:47 PM INFO: Server is running on http://localhost:5000]
[2025-04-26 23:42:50 PM INFO: Database connected successfully]
[2025-04-26 23:42:50 PM INFO: Server is running on http://localhost:5000]
[2025-04-26 23:43:11 PM INFO: Database connected successfully]
[2025-04-26 23:43:11 PM INFO: Server is running on http://localhost:5000]
[2025-04-26 23:43:14 PM INFO: Database connected successfully]
[2025-04-26 23:43:14 PM INFO: Server is running on http://localhost:5000]
[2025-04-26 23:43:16 PM INFO: Database connected successfully]
[2025-04-26 23:43:16 PM INFO: Server is running on http://localhost:5000]
[2025-04-26 23:43:18 PM INFO: Database connected successfully]
[2025-04-26 23:43:18 PM INFO: Server is running on http://localhost:5000]
[2025-04-26 23:43:20 PM INFO: Database connected successfully]
[2025-04-26 23:43:20 PM INFO: Server is running on http://localhost:5000]
[2025-04-26 23:44:24 PM INFO: Database connected successfully]
[2025-04-26 23:44:24 PM INFO: Server is running on http://localhost:5000]
[2025-04-27 00:35:41 AM INFO: Database connected successfully]
[2025-04-27 00:35:41 AM INFO: Server is running on http://localhost:5000]
[2025-04-27 00:35:53 AM INFO: Database connected successfully]
[2025-04-27 00:35:53 AM INFO: Server is running on http://localhost:5000]
[2025-04-27 00:35:57 AM INFO: Database connected successfully]
[2025-04-27 00:35:57 AM INFO: Server is running on http://localhost:5000]
[2025-04-27 00:36:03 AM INFO: Database connected successfully]
[2025-04-27 00:36:03 AM INFO: Server is running on http://localhost:5000]
[2025-04-27 00:36:09 AM INFO: Database connected successfully]
[2025-04-27 00:36:09 AM INFO: Server is running on http://localhost:5000]
[2025-04-27 00:36:13 AM INFO: Database connected successfully]
[2025-04-27 00:36:13 AM INFO: Server is running on http://localhost:5000]
[2025-04-27 00:36:17 AM INFO: Database connected successfully]
[2025-04-27 00:36:17 AM INFO: Server is running on http://localhost:5000]
[2025-04-27 00:36:19 AM INFO: Database connected successfully]
[2025-04-27 00:36:19 AM INFO: Server is running on http://localhost:5000]
[2025-04-27 00:36:21 AM INFO: Database connected successfully]
[2025-04-27 00:36:21 AM INFO: Server is running on http://localhost:5000]
[2025-04-27 00:36:24 AM INFO: Database connected successfully]
[2025-04-27 00:36:24 AM INFO: Server is running on http://localhost:5000]
[2025-04-27 00:36:25 AM INFO: Database connected successfully]
[2025-04-27 00:36:25 AM INFO: Server is running on http://localhost:5000]
[2025-04-27 00:36:28 AM INFO: Database connected successfully]
[2025-04-27 00:36:28 AM INFO: Server is running on http://localhost:5000]
[2025-04-27 00:36:36 AM INFO: Database connected successfully]
[2025-04-27 00:36:36 AM INFO: Server is running on http://localhost:5000]
[2025-04-27 00:36:42 AM INFO: Database connected successfully]
[2025-04-27 00:36:42 AM INFO: Server is running on http://localhost:5000]
[2025-04-27 00:36:48 AM INFO: Database connected successfully]
[2025-04-27 00:36:48 AM INFO: Server is running on http://localhost:5000]
[2025-04-27 00:36:49 AM INFO: Database connected successfully]
[2025-04-27 00:36:49 AM INFO: Server is running on http://localhost:5000]
[2025-04-27 00:36:51 AM INFO: Database connected successfully]
[2025-04-27 00:36:51 AM INFO: Server is running on http://localhost:5000]
[2025-04-27 00:36:53 AM INFO: Database connected successfully]
[2025-04-27 00:36:53 AM INFO: Server is running on http://localhost:5000]
[2025-04-27 00:36:57 AM INFO: Database connected successfully]
[2025-04-27 00:36:57 AM INFO: Server is running on http://localhost:5000]
[2025-04-27 00:36:59 AM INFO: Database connected successfully]
[2025-04-27 00:36:59 AM INFO: Server is running on http://localhost:5000]
[2025-04-27 00:37:00 AM INFO: Database connected successfully]
[2025-04-27 00:37:00 AM INFO: Server is running on http://localhost:5000]
[2025-04-27 00:37:02 AM INFO: Database connected successfully]
[2025-04-27 00:37:02 AM INFO: Server is running on http://localhost:5000]
[2025-04-27 00:37:03 AM INFO: Database connected successfully]
[2025-04-27 00:37:03 AM INFO: Server is running on http://localhost:5000]
[2025-04-27 00:37:05 AM INFO: Database connected successfully]
[2025-04-27 00:37:05 AM INFO: Server is running on http://localhost:5000]
[2025-04-27 00:37:06 AM INFO: Database connected successfully]
[2025-04-27 00:37:06 AM INFO: Server is running on http://localhost:5000]
[2025-04-27 00:37:09 AM INFO: Database connected successfully]
[2025-04-27 00:37:09 AM INFO: Server is running on http://localhost:5000]
[2025-04-27 00:37:15 AM INFO: Database connected successfully]
[2025-04-27 00:37:15 AM INFO: Server is running on http://localhost:5000]
[2025-04-27 00:37:18 AM INFO: Database connected successfully]
[2025-04-27 00:37:18 AM INFO: Server is running on http://localhost:5000]
[2025-04-27 00:37:24 AM INFO: Database connected successfully]
[2025-04-27 00:37:24 AM INFO: Server is running on http://localhost:5000]
[2025-04-27 00:37:26 AM INFO: Database connected successfully]
[2025-04-27 00:37:26 AM INFO: Server is running on http://localhost:5000]
[2025-04-27 00:37:29 AM INFO: Database connected successfully]
[2025-04-27 00:37:29 AM INFO: Server is running on http://localhost:5000]
[2025-04-27 00:37:30 AM INFO: Database connected successfully]
[2025-04-27 00:37:30 AM INFO: Server is running on http://localhost:5000]
[2025-04-27 00:37:33 AM INFO: Database connected successfully]
[2025-04-27 00:37:33 AM INFO: Server is running on http://localhost:5000]
[2025-04-27 00:37:34 AM INFO: Database connected successfully]
[2025-04-27 00:37:34 AM INFO: Server is running on http://localhost:5000]
[2025-04-27 00:37:38 AM INFO: Database connected successfully]
[2025-04-27 00:37:38 AM INFO: Server is running on http://localhost:5000]
[2025-04-27 00:37:39 AM INFO: Database connected successfully]
[2025-04-27 00:37:39 AM INFO: Server is running on http://localhost:5000]
[2025-04-27 00:37:41 AM INFO: Database connected successfully]
[2025-04-27 00:37:41 AM INFO: Server is running on http://localhost:5000]
[2025-04-27 00:37:44 AM INFO: Database connected successfully]
[2025-04-27 00:37:44 AM INFO: Server is running on http://localhost:5000]
[2025-04-27 00:37:50 AM INFO: Database connected successfully]
[2025-04-27 00:37:50 AM INFO: Server is running on http://localhost:5000]
[2025-04-27 00:37:55 AM INFO: Database connected successfully]
[2025-04-27 00:37:55 AM INFO: Server is running on http://localhost:5000]
[2025-04-27 00:37:56 AM INFO: Database connected successfully]
[2025-04-27 00:37:56 AM INFO: Server is running on http://localhost:5000]
[2025-04-27 00:37:58 AM INFO: Database connected successfully]
[2025-04-27 00:37:58 AM INFO: Server is running on http://localhost:5000]
[2025-04-27 00:38:01 AM INFO: Database connected successfully]
[2025-04-27 00:38:01 AM INFO: Server is running on http://localhost:5000]
[2025-04-27 00:38:04 AM INFO: Database connected successfully]
[2025-04-27 00:38:04 AM INFO: Server is running on http://localhost:5000]
[2025-04-27 00:38:09 AM INFO: Database connected successfully]
[2025-04-27 00:38:09 AM INFO: Server is running on http://localhost:5000]
[2025-04-27 00:38:12 AM INFO: Database connected successfully]
[2025-04-27 00:38:12 AM INFO: Server is running on http://localhost:5000]
[2025-04-27 00:38:17 AM INFO: Database connected successfully]
[2025-04-27 00:38:17 AM INFO: Server is running on http://localhost:5000]
[2025-04-27 00:38:18 AM INFO: Database connected successfully]
[2025-04-27 00:38:18 AM INFO: Server is running on http://localhost:5000]
[2025-04-27 00:38:24 AM INFO: Database connected successfully]
[2025-04-27 00:38:24 AM INFO: Server is running on http://localhost:5000]
[2025-04-27 00:38:27 AM INFO: Database connected successfully]
[2025-04-27 00:38:27 AM INFO: Server is running on http://localhost:5000]
[2025-04-27 00:38:28 AM INFO: Database connected successfully]
[2025-04-27 00:38:28 AM INFO: Server is running on http://localhost:5000]
[2025-04-27 00:38:30 AM INFO: Database connected successfully]
[2025-04-27 00:38:30 AM INFO: Server is running on http://localhost:5000]
[2025-04-27 00:38:35 AM INFO: Database connected successfully]
[2025-04-27 00:38:35 AM INFO: Server is running on http://localhost:5000]
[2025-04-27 00:38:46 AM INFO: Database connected successfully]
[2025-04-27 00:38:46 AM INFO: Server is running on http://localhost:5000]
[2025-04-27 00:38:47 AM INFO: Database connected successfully]
[2025-04-27 00:38:47 AM INFO: Server is running on http://localhost:5000]
[2025-04-27 00:38:50 AM INFO: Database connected successfully]
[2025-04-27 00:38:50 AM INFO: Server is running on http://localhost:5000]
[2025-04-27 00:38:52 AM INFO: Database connected successfully]
[2025-04-27 00:38:52 AM INFO: Server is running on http://localhost:5000]
[2025-04-27 00:38:53 AM INFO: Database connected successfully]
[2025-04-27 00:38:53 AM INFO: Server is running on http://localhost:5000]
[2025-04-27 00:38:58 AM INFO: Database connected successfully]
[2025-04-27 00:38:58 AM INFO: Server is running on http://localhost:5000]
[2025-04-27 00:39:00 AM INFO: Database connected successfully]
[2025-04-27 00:39:00 AM INFO: Server is running on http://localhost:5000]
[2025-04-27 00:39:02 AM INFO: Database connected successfully]
[2025-04-27 00:39:02 AM INFO: Server is running on http://localhost:5000]
[2025-04-27 00:39:03 AM INFO: Database connected successfully]
[2025-04-27 00:39:03 AM INFO: Server is running on http://localhost:5000]
[2025-04-27 00:39:05 AM INFO: Database connected successfully]
[2025-04-27 00:39:05 AM INFO: Server is running on http://localhost:5000]
[2025-04-27 00:39:10 AM INFO: Database connected successfully]
[2025-04-27 00:39:10 AM INFO: Server is running on http://localhost:5000]
[2025-04-27 00:39:14 AM INFO: Database connected successfully]
[2025-04-27 00:39:14 AM INFO: Server is running on http://localhost:5000]
[2025-04-27 00:39:20 AM INFO: Database connected successfully]
[2025-04-27 00:39:20 AM INFO: Server is running on http://localhost:5000]
[2025-04-27 00:39:21 AM INFO: Database connected successfully]
[2025-04-27 00:39:21 AM INFO: Server is running on http://localhost:5000]
[2025-04-27 00:39:26 AM INFO: Database connected successfully]
[2025-04-27 00:39:26 AM INFO: Server is running on http://localhost:5000]
[2025-04-27 00:39:32 AM INFO: Database connected successfully]
[2025-04-27 00:39:32 AM INFO: Server is running on http://localhost:5000]
[2025-04-27 00:39:34 AM INFO: Database connected successfully]
[2025-04-27 00:39:34 AM INFO: Server is running on http://localhost:5000]
[2025-04-27 00:39:37 AM INFO: Database connected successfully]
[2025-04-27 00:39:37 AM INFO: Server is running on http://localhost:5000]
[2025-04-27 00:39:41 AM INFO: Database connected successfully]
[2025-04-27 00:39:41 AM INFO: Server is running on http://localhost:5000]
[2025-04-27 00:39:43 AM INFO: Database connected successfully]
[2025-04-27 00:39:43 AM INFO: Server is running on http://localhost:5000]
[2025-04-27 00:39:46 AM INFO: Database connected successfully]
[2025-04-27 00:39:46 AM INFO: Server is running on http://localhost:5000]
[2025-04-27 00:39:48 AM INFO: Database connected successfully]
[2025-04-27 00:39:48 AM INFO: Server is running on http://localhost:5000]
[2025-04-27 00:39:50 AM INFO: Database connected successfully]
[2025-04-27 00:39:50 AM INFO: Server is running on http://localhost:5000]
[2025-04-27 00:39:53 AM INFO: Database connected successfully]
[2025-04-27 00:39:53 AM INFO: Server is running on http://localhost:5000]
[2025-04-27 00:39:59 AM INFO: Database connected successfully]
[2025-04-27 00:39:59 AM INFO: Server is running on http://localhost:5000]
[2025-04-27 00:40:07 AM INFO: Database connected successfully]
[2025-04-27 00:40:07 AM INFO: Server is running on http://localhost:5000]
[2025-04-27 00:40:10 AM INFO: Database connected successfully]
[2025-04-27 00:40:10 AM INFO: Server is running on http://localhost:5000]
[2025-04-27 00:40:12 AM INFO: Database connected successfully]
[2025-04-27 00:40:12 AM INFO: Server is running on http://localhost:5000]
[2025-04-27 00:40:14 AM INFO: Database connected successfully]
[2025-04-27 00:40:14 AM INFO: Server is running on http://localhost:5000]
[2025-04-27 00:40:16 AM INFO: Database connected successfully]
[2025-04-27 00:40:16 AM INFO: Server is running on http://localhost:5000]
[2025-04-27 00:40:17 AM INFO: Database connected successfully]
[2025-04-27 00:40:17 AM INFO: Server is running on http://localhost:5000]
[2025-04-27 00:40:18 AM INFO: Database connected successfully]
[2025-04-27 00:40:18 AM INFO: Server is running on http://localhost:5000]
[2025-04-27 00:40:26 AM INFO: Database connected successfully]
[2025-04-27 00:40:26 AM INFO: Server is running on http://localhost:5000]
[2025-04-27 00:40:27 AM INFO: Database connected successfully]
[2025-04-27 00:40:27 AM INFO: Server is running on http://localhost:5000]
[2025-04-27 00:40:29 AM INFO: Database connected successfully]
[2025-04-27 00:40:29 AM INFO: Server is running on http://localhost:5000]
[2025-04-27 00:40:37 AM INFO: Database connected successfully]
[2025-04-27 00:40:37 AM INFO: Server is running on http://localhost:5000]
[2025-04-27 00:40:41 AM INFO: Database connected successfully]
[2025-04-27 00:40:41 AM INFO: Server is running on http://localhost:5000]
[2025-04-27 00:40:47 AM INFO: Database connected successfully]
[2025-04-27 00:40:47 AM INFO: Server is running on http://localhost:5000]
[2025-04-27 00:40:49 AM INFO: Database connected successfully]
[2025-04-27 00:40:49 AM INFO: Server is running on http://localhost:5000]
[2025-04-27 00:40:59 AM INFO: Database connected successfully]
[2025-04-27 00:40:59 AM INFO: Server is running on http://localhost:5000]
[2025-04-27 00:41:02 AM INFO: Database connected successfully]
[2025-04-27 00:41:02 AM INFO: Server is running on http://localhost:5000]
[2025-04-27 00:41:54 AM INFO: Database connected successfully]
[2025-04-27 00:41:54 AM INFO: Server is running on http://localhost:5000]
[2025-04-27 00:41:57 AM INFO: Database connected successfully]
[2025-04-27 00:41:57 AM INFO: Server is running on http://localhost:5000]
[2025-04-27 00:41:58 AM INFO: Database connected successfully]
[2025-04-27 00:41:58 AM INFO: Server is running on http://localhost:5000]
[2025-04-27 00:42:04 AM INFO: Database connected successfully]
[2025-04-27 00:42:04 AM INFO: Server is running on http://localhost:5000]
[2025-04-27 00:42:07 AM INFO: Database connected successfully]
[2025-04-27 00:42:07 AM INFO: Server is running on http://localhost:5000]
[2025-04-27 00:42:13 AM INFO: Database connected successfully]
[2025-04-27 00:42:13 AM INFO: Server is running on http://localhost:5000]
[2025-04-27 00:42:17 AM INFO: Database connected successfully]
[2025-04-27 00:42:17 AM INFO: Server is running on http://localhost:5000]
[2025-04-27 00:42:21 AM INFO: Database connected successfully]
[2025-04-27 00:42:21 AM INFO: Server is running on http://localhost:5000]
[2025-04-27 00:44:36 AM INFO: Database connected successfully]
[2025-04-27 00:44:36 AM INFO: Server is running on http://localhost:5000]
[2025-04-27 00:44:37 AM INFO: Database connected successfully]
[2025-04-27 00:44:37 AM INFO: Server is running on http://localhost:5000]
[2025-04-27 00:44:39 AM INFO: Database connected successfully]
[2025-04-27 00:44:39 AM INFO: Server is running on http://localhost:5000]
[2025-04-27 00:44:44 AM INFO: Database connected successfully]
[2025-04-27 00:44:44 AM INFO: Server is running on http://localhost:5000]
[2025-04-27 00:44:47 AM INFO: Database connected successfully]
[2025-04-27 00:44:47 AM INFO: Server is running on http://localhost:5000]
[2025-04-27 00:44:51 AM INFO: Database connected successfully]
[2025-04-27 00:44:51 AM INFO: Server is running on http://localhost:5000]
[2025-04-27 00:44:59 AM INFO: Database connected successfully]
[2025-04-27 00:44:59 AM INFO: Server is running on http://localhost:5000]
[2025-04-27 00:45:10 AM INFO: Database connected successfully]
[2025-04-27 00:45:10 AM INFO: Server is running on http://localhost:5000]
[2025-04-27 00:45:11 AM INFO: Database connected successfully]
[2025-04-27 00:45:11 AM INFO: Server is running on http://localhost:5000]
[2025-04-27 00:45:14 AM INFO: Database connected successfully]
[2025-04-27 00:45:14 AM INFO: Server is running on http://localhost:5000]
[2025-04-27 00:45:19 AM INFO: Database connected successfully]
[2025-04-27 00:45:19 AM INFO: Server is running on http://localhost:5000]
[2025-04-27 00:45:20 AM INFO: Database connected successfully]
[2025-04-27 00:45:20 AM INFO: Server is running on http://localhost:5000]
[2025-04-27 00:45:24 AM INFO: Database connected successfully]
[2025-04-27 00:45:24 AM INFO: Server is running on http://localhost:5000]
[2025-04-27 00:45:26 AM INFO: Database connected successfully]
[2025-04-27 00:45:26 AM INFO: Server is running on http://localhost:5000]
[2025-04-27 00:45:27 AM INFO: Database connected successfully]
[2025-04-27 00:45:28 AM INFO: Server is running on http://localhost:5000]
[2025-04-27 00:45:31 AM INFO: Database connected successfully]
[2025-04-27 00:45:31 AM INFO: Server is running on http://localhost:5000]
[2025-04-27 00:45:35 AM INFO: Database connected successfully]
[2025-04-27 00:45:35 AM INFO: Server is running on http://localhost:5000]
[2025-04-27 00:45:38 AM INFO: Database connected successfully]
[2025-04-27 00:45:38 AM INFO: Server is running on http://localhost:5000]
[2025-04-27 00:45:41 AM INFO: Database connected successfully]
[2025-04-27 00:45:41 AM INFO: Server is running on http://localhost:5000]
[2025-04-27 00:45:45 AM INFO: Database connected successfully]
[2025-04-27 00:45:45 AM INFO: Server is running on http://localhost:5000]
[2025-04-27 00:45:50 AM INFO: Database connected successfully]
[2025-04-27 00:45:50 AM INFO: Server is running on http://localhost:5000]
[2025-04-27 00:45:53 AM INFO: Database connected successfully]
[2025-04-27 00:45:53 AM INFO: Server is running on http://localhost:5000]
[2025-04-27 00:46:16 AM INFO: Database connected successfully]
[2025-04-27 00:46:16 AM INFO: Server is running on http://localhost:5000]
[2025-04-27 00:46:23 AM INFO: Database connected successfully]
[2025-04-27 00:46:23 AM INFO: Server is running on http://localhost:5000]
[2025-04-27 00:46:24 AM INFO: Database connected successfully]
[2025-04-27 00:46:24 AM INFO: Server is running on http://localhost:5000]
[2025-04-27 00:46:29 AM INFO: Database connected successfully]
[2025-04-27 00:46:29 AM INFO: Server is running on http://localhost:5000]
[2025-04-27 00:46:30 AM INFO: Database connected successfully]
[2025-04-27 00:46:30 AM INFO: Server is running on http://localhost:5000]
[2025-04-27 00:46:32 AM INFO: Database connected successfully]
[2025-04-27 00:46:32 AM INFO: Server is running on http://localhost:5000]
[2025-04-27 00:46:35 AM INFO: Database connected successfully]
[2025-04-27 00:46:35 AM INFO: Server is running on http://localhost:5000]
[2025-04-27 00:46:37 AM INFO: Database connected successfully]
[2025-04-27 00:46:37 AM INFO: Server is running on http://localhost:5000]
[2025-04-27 00:46:41 AM INFO: Database connected successfully]
[2025-04-27 00:46:41 AM INFO: Server is running on http://localhost:5000]
[2025-04-27 00:46:46 AM INFO: Database connected successfully]
[2025-04-27 00:46:46 AM INFO: Server is running on http://localhost:5000]
[2025-04-27 00:46:47 AM INFO: Database connected successfully]
[2025-04-27 00:46:47 AM INFO: Server is running on http://localhost:5000]
[2025-04-27 00:46:52 AM INFO: Database connected successfully]
[2025-04-27 00:46:52 AM INFO: Server is running on http://localhost:5000]
[2025-04-27 00:46:53 AM INFO: Database connected successfully]
[2025-04-27 00:46:53 AM INFO: Server is running on http://localhost:5000]
[2025-04-27 00:47:10 AM INFO: Database connected successfully]
[2025-04-27 00:47:10 AM INFO: Server is running on http://localhost:5000]
[2025-04-27 00:47:15 AM INFO: Database connected successfully]
[2025-04-27 00:47:15 AM INFO: Server is running on http://localhost:5000]
[2025-04-27 00:47:19 AM INFO: Database connected successfully]
[2025-04-27 00:47:19 AM INFO: Server is running on http://localhost:5000]
[2025-04-27 00:47:23 AM INFO: Database connected successfully]
[2025-04-27 00:47:23 AM INFO: Server is running on http://localhost:5000]
[2025-04-27 00:47:28 AM INFO: Database connected successfully]
[2025-04-27 00:47:28 AM INFO: Server is running on http://localhost:5000]
[2025-04-27 00:47:30 AM INFO: Database connected successfully]
[2025-04-27 00:47:30 AM INFO: Server is running on http://localhost:5000]
[2025-04-27 00:47:33 AM INFO: Database connected successfully]
[2025-04-27 00:47:33 AM INFO: Server is running on http://localhost:5000]
[2025-04-27 00:47:43 AM INFO: Database connected successfully]
[2025-04-27 00:47:43 AM INFO: Server is running on http://localhost:5000]
[2025-04-27 00:47:46 AM INFO: Database connected successfully]
[2025-04-27 00:47:46 AM INFO: Server is running on http://localhost:5000]
[2025-04-27 00:47:47 AM INFO: Database connected successfully]
[2025-04-27 00:47:47 AM INFO: Server is running on http://localhost:5000]
[2025-04-27 00:47:50 AM INFO: Database connected successfully]
[2025-04-27 00:47:50 AM INFO: Server is running on http://localhost:5000]
[2025-04-27 00:47:55 AM INFO: Database connected successfully]
[2025-04-27 00:47:55 AM INFO: Server is running on http://localhost:5000]
[2025-04-27 00:48:00 AM INFO: Database connected successfully]
[2025-04-27 00:48:00 AM INFO: Server is running on http://localhost:5000]
[2025-04-27 00:48:02 AM INFO: Database connected successfully]
[2025-04-27 00:48:02 AM INFO: Server is running on http://localhost:5000]
[2025-04-27 00:48:10 AM INFO: Database connected successfully]
[2025-04-27 00:48:10 AM INFO: Server is running on http://localhost:5000]
[2025-04-27 00:48:18 AM INFO: Database connected successfully]
[2025-04-27 00:48:18 AM INFO: Server is running on http://localhost:5000]
[2025-04-27 00:48:24 AM INFO: Database connected successfully]
[2025-04-27 00:48:24 AM INFO: Server is running on http://localhost:5000]
[2025-04-27 00:48:29 AM INFO: Database connected successfully]
[2025-04-27 00:48:29 AM INFO: Server is running on http://localhost:5000]
[2025-04-27 00:48:30 AM INFO: Database connected successfully]
[2025-04-27 00:48:30 AM INFO: Server is running on http://localhost:5000]
[2025-04-27 00:48:32 AM INFO: Database connected successfully]
[2025-04-27 00:48:32 AM INFO: Server is running on http://localhost:5000]
[2025-04-27 00:48:48 AM INFO: Database connected successfully]
[2025-04-27 00:48:48 AM INFO: Server is running on http://localhost:5000]
[2025-04-27 00:48:55 AM INFO: Database connected successfully]
[2025-04-27 00:48:55 AM INFO: Server is running on http://localhost:5000]
[2025-04-27 00:48:58 AM INFO: Database connected successfully]
[2025-04-27 00:48:58 AM INFO: Server is running on http://localhost:5000]
[2025-04-27 00:48:59 AM INFO: Database connected successfully]
[2025-04-27 00:48:59 AM INFO: Server is running on http://localhost:5000]
[2025-04-27 00:49:03 AM INFO: Database connected successfully]
[2025-04-27 00:49:03 AM INFO: Server is running on http://localhost:5000]
[2025-04-27 00:49:06 AM INFO: Database connected successfully]
[2025-04-27 00:49:06 AM INFO: Server is running on http://localhost:5000]
[2025-04-27 00:49:15 AM INFO: Database connected successfully]
[2025-04-27 00:49:15 AM INFO: Server is running on http://localhost:5000]
[2025-04-27 00:49:21 AM INFO: Database connected successfully]
[2025-04-27 00:49:21 AM INFO: Server is running on http://localhost:5000]
[2025-04-27 00:49:27 AM INFO: Database connected successfully]
[2025-04-27 00:49:27 AM INFO: Server is running on http://localhost:5000]
[2025-04-27 00:49:28 AM INFO: Database connected successfully]
[2025-04-27 00:49:28 AM INFO: Server is running on http://localhost:5000]
[2025-04-27 00:49:34 AM INFO: Database connected successfully]
[2025-04-27 00:49:34 AM INFO: Server is running on http://localhost:5000]
[2025-04-27 00:49:37 AM INFO: Database connected successfully]
[2025-04-27 00:49:37 AM INFO: Server is running on http://localhost:5000]
[2025-04-27 00:49:43 AM INFO: Database connected successfully]
[2025-04-27 00:49:43 AM INFO: Server is running on http://localhost:5000]
[2025-04-27 00:49:45 AM INFO: Database connected successfully]
[2025-04-27 00:49:45 AM INFO: Server is running on http://localhost:5000]
[2025-04-27 00:49:46 AM INFO: Database connected successfully]
[2025-04-27 00:49:46 AM INFO: Server is running on http://localhost:5000]
[2025-04-27 00:49:48 AM INFO: Database connected successfully]
[2025-04-27 00:49:48 AM INFO: Server is running on http://localhost:5000]
[2025-04-27 00:49:52 AM INFO: Database connected successfully]
[2025-04-27 00:49:52 AM INFO: Server is running on http://localhost:5000]
[2025-04-27 00:49:59 AM INFO: Database connected successfully]
[2025-04-27 00:49:59 AM INFO: Server is running on http://localhost:5000]
[2025-04-27 00:50:08 AM INFO: Database connected successfully]
[2025-04-27 00:50:08 AM INFO: Server is running on http://localhost:5000]
[2025-04-27 00:50:11 AM INFO: Database connected successfully]
[2025-04-27 00:50:11 AM INFO: Server is running on http://localhost:5000]
[2025-04-27 00:50:16 AM INFO: Database connected successfully]
[2025-04-27 00:50:16 AM INFO: Server is running on http://localhost:5000]
[2025-04-27 00:50:18 AM INFO: Database connected successfully]
[2025-04-27 00:50:19 AM INFO: Server is running on http://localhost:5000]
[2025-04-27 00:50:27 AM INFO: Database connected successfully]
[2025-04-27 00:50:27 AM INFO: Server is running on http://localhost:5000]
[2025-04-27 00:50:33 AM INFO: Database connected successfully]
[2025-04-27 00:50:33 AM INFO: Server is running on http://localhost:5000]
[2025-04-27 00:50:51 AM INFO: Database connected successfully]
[2025-04-27 00:50:51 AM INFO: Server is running on http://localhost:5000]
[2025-04-27 00:50:55 AM INFO: Database connected successfully]
[2025-04-27 00:50:55 AM INFO: Server is running on http://localhost:5000]
[2025-04-27 00:51:02 AM INFO: Database connected successfully]
[2025-04-27 00:51:02 AM INFO: Server is running on http://localhost:5000]
[2025-04-27 00:51:05 AM INFO: Database connected successfully]
[2025-04-27 00:51:05 AM INFO: Server is running on http://localhost:5000]
[2025-04-27 00:51:06 AM INFO: Database connected successfully]
[2025-04-27 00:51:06 AM INFO: Server is running on http://localhost:5000]
[2025-04-27 00:51:09 AM INFO: Database connected successfully]
[2025-04-27 00:51:09 AM INFO: Server is running on http://localhost:5000]
[2025-04-27 00:51:12 AM INFO: Database connected successfully]
[2025-04-27 00:51:12 AM INFO: Server is running on http://localhost:5000]
[2025-04-27 00:51:15 AM INFO: Database connected successfully]
[2025-04-27 00:51:15 AM INFO: Server is running on http://localhost:5000]
[2025-04-27 00:51:18 AM INFO: Database connected successfully]
[2025-04-27 00:51:18 AM INFO: Server is running on http://localhost:5000]
[2025-04-27 00:51:27 AM INFO: Database connected successfully]
[2025-04-27 00:51:27 AM INFO: Server is running on http://localhost:5000]
[2025-04-27 00:52:14 AM INFO: Database connected successfully]
[2025-04-27 00:52:14 AM INFO: Server is running on http://localhost:5000]
[2025-04-27 00:52:45 AM INFO: Database connected successfully]
[2025-04-27 00:52:45 AM INFO: Server is running on http://localhost:5000]
[2025-04-27 00:52:47 AM INFO: Database connected successfully]
[2025-04-27 00:52:47 AM INFO: Server is running on http://localhost:5000]
[2025-04-27 00:52:49 AM INFO: Database connected successfully]
[2025-04-27 00:52:49 AM INFO: Server is running on http://localhost:5000]
[2025-04-27 00:52:51 AM INFO: Database connected successfully]
[2025-04-27 00:52:51 AM INFO: Server is running on http://localhost:5000]
[2025-04-27 00:52:53 AM INFO: Database connected successfully]
[2025-04-27 00:52:53 AM INFO: Server is running on http://localhost:5000]
[2025-04-27 00:53:02 AM INFO: Database connected successfully]
[2025-04-27 00:53:02 AM INFO: Server is running on http://localhost:5000]
[2025-04-27 00:55:17 AM INFO: Database connected successfully]
[2025-04-27 00:55:17 AM INFO: Server is running on http://localhost:5000]
[2025-04-27 00:55:24 AM INFO: Database connected successfully]
[2025-04-27 00:55:24 AM INFO: Server is running on http://localhost:5000]
[2025-04-27 00:55:27 AM INFO: Database connected successfully]
[2025-04-27 00:55:27 AM INFO: Server is running on http://localhost:5000]
[2025-04-27 00:55:35 AM INFO: Database connected successfully]
[2025-04-27 00:55:35 AM INFO: Server is running on http://localhost:5000]
[2025-04-27 00:55:37 AM INFO: Database connected successfully]
[2025-04-27 00:55:37 AM INFO: Server is running on http://localhost:5000]
[2025-04-27 00:55:52 AM INFO: Database connected successfully]
[2025-04-27 00:55:52 AM INFO: Server is running on http://localhost:5000]
[2025-04-27 00:55:55 AM INFO: Database connected successfully]
[2025-04-27 00:55:55 AM INFO: Server is running on http://localhost:5000]
[2025-04-27 00:55:59 AM INFO: Database connected successfully]
[2025-04-27 00:55:59 AM INFO: Server is running on http://localhost:5000]
[2025-04-27 00:56:01 AM INFO: Database connected successfully]
[2025-04-27 00:56:01 AM INFO: Server is running on http://localhost:5000]
[2025-04-27 00:56:04 AM INFO: Database connected successfully]
[2025-04-27 00:56:04 AM INFO: Server is running on http://localhost:5000]
[2025-04-27 00:56:05 AM INFO: Database connected successfully]
[2025-04-27 00:56:05 AM INFO: Server is running on http://localhost:5000]
[2025-04-27 00:56:06 AM INFO: Database connected successfully]
[2025-04-27 00:56:06 AM INFO: Server is running on http://localhost:5000]
[2025-04-27 00:56:08 AM INFO: Database connected successfully]
[2025-04-27 00:56:08 AM INFO: Server is running on http://localhost:5000]
[2025-04-27 00:56:11 AM INFO: Database connected successfully]
[2025-04-27 00:56:11 AM INFO: Server is running on http://localhost:5000]
[2025-04-27 00:56:15 AM INFO: Database connected successfully]
[2025-04-27 00:56:15 AM INFO: Server is running on http://localhost:5000]
[2025-04-27 00:56:20 AM INFO: Database connected successfully]
[2025-04-27 00:56:20 AM INFO: Server is running on http://localhost:5000]
[2025-04-27 00:56:23 AM INFO: Database connected successfully]
[2025-04-27 00:56:23 AM INFO: Server is running on http://localhost:5000]
[2025-04-27 00:56:24 AM INFO: Database connected successfully]
[2025-04-27 00:56:24 AM INFO: Server is running on http://localhost:5000]
[2025-04-27 00:56:27 AM INFO: Database connected successfully]
[2025-04-27 00:56:27 AM INFO: Server is running on http://localhost:5000]
[2025-04-27 00:56:32 AM INFO: Database connected successfully]
[2025-04-27 00:56:32 AM INFO: Server is running on http://localhost:5000]
[2025-04-27 00:56:39 AM INFO: Database connected successfully]
[2025-04-27 00:56:39 AM INFO: Server is running on http://localhost:5000]
[2025-04-27 00:56:52 AM INFO: Database connected successfully]
[2025-04-27 00:56:52 AM INFO: Server is running on http://localhost:5000]
[2025-04-27 00:57:03 AM INFO: Database connected successfully]
[2025-04-27 00:57:03 AM INFO: Server is running on http://localhost:5000]
[2025-04-27 00:57:36 AM INFO: Database connected successfully]
[2025-04-27 00:57:36 AM INFO: Server is running on http://localhost:5000]
[2025-04-27 00:57:45 AM INFO: Database connected successfully]
[2025-04-27 00:57:45 AM INFO: Server is running on http://localhost:5000]
[2025-04-27 00:58:21 AM INFO: Database connected successfully]
[2025-04-27 00:58:21 AM INFO: Server is running on http://localhost:5000]
[2025-04-27 00:58:23 AM INFO: Database connected successfully]
[2025-04-27 00:58:23 AM INFO: Server is running on http://localhost:5000]
[2025-04-27 00:58:36 AM INFO: Database connected successfully]
[2025-04-27 00:58:36 AM INFO: Server is running on http://localhost:5000]
[2025-04-27 00:58:40 AM INFO: Database connected successfully]
[2025-04-27 00:58:40 AM INFO: Server is running on http://localhost:5000]
[2025-04-27 00:58:43 AM INFO: Database connected successfully]
[2025-04-27 00:58:43 AM INFO: Server is running on http://localhost:5000]
[2025-04-27 00:58:47 AM INFO: Database connected successfully]
[2025-04-27 00:58:47 AM INFO: Server is running on http://localhost:5000]
[2025-04-27 00:58:52 AM INFO: Database connected successfully]
[2025-04-27 00:58:52 AM INFO: Server is running on http://localhost:5000]
[2025-04-27 00:59:08 AM INFO: Database connected successfully]
[2025-04-27 00:59:08 AM INFO: Server is running on http://localhost:5000]
[2025-04-27 00:59:19 AM INFO: Database connected successfully]
[2025-04-27 00:59:19 AM INFO: Server is running on http://localhost:5000]
[2025-04-27 00:59:25 AM INFO: Database connected successfully]
[2025-04-27 00:59:25 AM INFO: Server is running on http://localhost:5000]
[2025-04-27 00:59:29 AM INFO: Database connected successfully]
[2025-04-27 00:59:29 AM INFO: Server is running on http://localhost:5000]
[2025-04-27 00:59:33 AM INFO: Database connected successfully]
[2025-04-27 00:59:33 AM INFO: Server is running on http://localhost:5000]
[2025-04-27 22:12:51 PM INFO: Database connected successfully]
[2025-04-27 22:12:51 PM INFO: Server is running on http://localhost:5000]
[2025-04-27 22:21:36 PM INFO: Database connected successfully]
[2025-04-27 22:21:36 PM INFO: Server is running on http://localhost:5000]
[2025-04-27 22:21:37 PM INFO: Database connected successfully]
[2025-04-27 22:21:37 PM INFO: Server is running on http://localhost:5000]
[2025-04-27 22:21:42 PM INFO: Database connected successfully]
[2025-04-27 22:21:42 PM INFO: Server is running on http://localhost:5000]
[2025-04-27 22:21:43 PM INFO: Database connected successfully]
[2025-04-27 22:21:43 PM INFO: Server is running on http://localhost:5000]
[2025-04-27 22:21:45 PM INFO: Database connected successfully]
[2025-04-27 22:21:45 PM INFO: Server is running on http://localhost:5000]
[2025-04-27 22:21:46 PM INFO: Database connected successfully]
[2025-04-27 22:21:46 PM INFO: Server is running on http://localhost:5000]
[2025-04-27 22:21:53 PM INFO: Database connected successfully]
[2025-04-27 22:21:53 PM INFO: Server is running on http://localhost:5000]
[2025-04-27 22:22:21 PM INFO: Database connected successfully]
[2025-04-27 22:22:21 PM INFO: Server is running on http://localhost:5000]
[2025-04-27 22:22:25 PM INFO: Database connected successfully]
[2025-04-27 22:22:25 PM INFO: Server is running on http://localhost:5000]
[2025-04-27 22:22:28 PM INFO: Database connected successfully]
[2025-04-27 22:22:28 PM INFO: Server is running on http://localhost:5000]
[2025-04-27 22:22:30 PM INFO: Database connected successfully]
[2025-04-27 22:22:30 PM INFO: Server is running on http://localhost:5000]
[2025-04-27 22:22:31 PM INFO: Database connected successfully]
[2025-04-27 22:22:31 PM INFO: Server is running on http://localhost:5000]
[2025-04-27 22:22:33 PM INFO: Database connected successfully]
[2025-04-27 22:22:33 PM INFO: Server is running on http://localhost:5000]
[2025-04-27 22:22:42 PM INFO: Database connected successfully]
[2025-04-27 22:22:42 PM INFO: Server is running on http://localhost:5000]
[2025-04-27 22:22:47 PM INFO: Database connected successfully]
[2025-04-27 22:22:47 PM INFO: Server is running on http://localhost:5000]
[2025-04-27 22:22:49 PM INFO: Database connected successfully]
[2025-04-27 22:22:49 PM INFO: Server is running on http://localhost:5000]
[2025-04-27 22:22:50 PM INFO: Database connected successfully]
[2025-04-27 22:22:50 PM INFO: Server is running on http://localhost:5000]
[2025-04-27 22:23:04 PM INFO: Database connected successfully]
[2025-04-27 22:23:04 PM INFO: Server is running on http://localhost:5000]
[2025-04-27 22:23:28 PM INFO: Database connected successfully]
[2025-04-27 22:23:28 PM INFO: Server is running on http://localhost:5000]
[2025-04-27 22:23:30 PM INFO: Database connected successfully]
[2025-04-27 22:23:30 PM INFO: Server is running on http://localhost:5000]
[2025-04-27 22:23:36 PM INFO: Database connected successfully]
[2025-04-27 22:23:36 PM INFO: Server is running on http://localhost:5000]
[2025-04-27 22:23:38 PM INFO: Database connected successfully]
[2025-04-27 22:23:38 PM INFO: Server is running on http://localhost:5000]
[2025-04-27 22:23:39 PM INFO: Database connected successfully]
[2025-04-27 22:23:39 PM INFO: Server is running on http://localhost:5000]
[2025-04-27 22:23:46 PM INFO: Database connected successfully]
[2025-04-27 22:23:46 PM INFO: Server is running on http://localhost:5000]
[2025-04-27 22:23:54 PM INFO: Database connected successfully]
[2025-04-27 22:23:54 PM INFO: Server is running on http://localhost:5000]
[2025-04-27 22:23:58 PM INFO: Database connected successfully]
[2025-04-27 22:23:58 PM INFO: Server is running on http://localhost:5000]
[2025-04-27 22:24:10 PM INFO: Database connected successfully]
[2025-04-27 22:24:10 PM INFO: Server is running on http://localhost:5000]
[2025-04-27 22:26:33 PM INFO: Database connected successfully]
[2025-04-27 22:26:33 PM INFO: Server is running on http://localhost:5000]
[2025-04-27 22:26:36 PM INFO: Database connected successfully]
[2025-04-27 22:26:36 PM INFO: Server is running on http://localhost:5000]
[2025-04-27 22:26:38 PM INFO: Database connected successfully]
[2025-04-27 22:26:38 PM INFO: Server is running on http://localhost:5000]
[2025-04-27 22:26:44 PM INFO: Database connected successfully]
[2025-04-27 22:26:44 PM INFO: Server is running on http://localhost:5000]
[2025-04-27 22:26:50 PM INFO: Database connected successfully]
[2025-04-27 22:26:50 PM INFO: Server is running on http://localhost:5000]
[2025-04-27 22:26:58 PM INFO: Database connected successfully]
[2025-04-27 22:26:58 PM INFO: Server is running on http://localhost:5000]
[2025-04-27 22:31:18 PM INFO: Database connected successfully]
[2025-04-27 22:31:18 PM INFO: Server is running on http://localhost:5000]
[2025-04-27 22:31:22 PM INFO: Database connected successfully]
[2025-04-27 22:31:22 PM INFO: Server is running on http://localhost:5000]
[2025-04-27 22:32:11 PM INFO: Database connected successfully]
[2025-04-27 22:32:11 PM INFO: Server is running on http://localhost:5000]
[2025-04-27 22:32:12 PM INFO: Database connected successfully]
[2025-04-27 22:32:12 PM INFO: Server is running on http://localhost:5000]
[2025-04-27 22:32:16 PM INFO: Database connected successfully]
[2025-04-27 22:32:16 PM INFO: Server is running on http://localhost:5000]
[2025-04-27 22:32:17 PM INFO: Database connected successfully]
[2025-04-27 22:32:17 PM INFO: Server is running on http://localhost:5000]
[2025-04-27 22:32:18 PM INFO: Database connected successfully]
[2025-04-27 22:32:18 PM INFO: Server is running on http://localhost:5000]
[2025-04-27 22:32:20 PM INFO: Database connected successfully]
[2025-04-27 22:32:20 PM INFO: Server is running on http://localhost:5000]
[2025-04-27 22:32:24 PM INFO: Database connected successfully]
[2025-04-27 22:32:24 PM INFO: Server is running on http://localhost:5000]
[2025-04-27 22:32:24 PM INFO: Database connected successfully]
[2025-04-27 22:32:24 PM INFO: Server is running on http://localhost:5000]
[2025-04-27 22:32:27 PM INFO: Database connected successfully]
[2025-04-27 22:32:27 PM INFO: Server is running on http://localhost:5000]
[2025-04-27 22:32:33 PM INFO: Database connected successfully]
[2025-04-27 22:32:33 PM INFO: Server is running on http://localhost:5000]
[2025-04-27 22:35:13 PM INFO: Database connected successfully]
[2025-04-27 22:35:13 PM INFO: Server is running on http://localhost:5000]
[2025-04-27 22:36:34 PM INFO: Database connected successfully]
[2025-04-27 22:36:34 PM INFO: Server is running on http://localhost:5000]
[2025-04-27 22:36:42 PM INFO: Database connected successfully]
[2025-04-27 22:36:42 PM INFO: Server is running on http://localhost:5000]
[2025-04-27 22:36:44 PM INFO: Database connected successfully]
[2025-04-27 22:36:44 PM INFO: Server is running on http://localhost:5000]
[2025-04-27 22:36:45 PM INFO: Database connected successfully]
[2025-04-27 22:36:45 PM INFO: Server is running on http://localhost:5000]
[2025-04-27 22:36:48 PM INFO: Database connected successfully]
[2025-04-27 22:36:48 PM INFO: Server is running on http://localhost:5000]
[2025-04-27 22:36:59 PM INFO: Database connected successfully]
[2025-04-27 22:36:59 PM INFO: Server is running on http://localhost:5000]
[2025-04-27 22:37:00 PM INFO: Database connected successfully]
[2025-04-27 22:37:00 PM INFO: Server is running on http://localhost:5000]
[2025-04-27 22:37:01 PM INFO: Database connected successfully]
[2025-04-27 22:37:01 PM INFO: Server is running on http://localhost:5000]
[2025-04-27 22:37:03 PM INFO: Database connected successfully]
[2025-04-27 22:37:03 PM INFO: Server is running on http://localhost:5000]
[2025-04-27 22:37:05 PM INFO: Database connected successfully]
[2025-04-27 22:37:05 PM INFO: Server is running on http://localhost:5000]
[2025-04-27 22:37:07 PM INFO: Database connected successfully]
[2025-04-27 22:37:07 PM INFO: Server is running on http://localhost:5000]
[2025-04-27 22:37:09 PM INFO: Database connected successfully]
[2025-04-27 22:37:09 PM INFO: Server is running on http://localhost:5000]
[2025-04-27 22:37:14 PM INFO: Database connected successfully]
[2025-04-27 22:37:14 PM INFO: Server is running on http://localhost:5000]
[2025-04-27 22:37:17 PM INFO: Database connected successfully]
[2025-04-27 22:37:17 PM INFO: Server is running on http://localhost:5000]
[2025-04-27 22:37:20 PM INFO: Database connected successfully]
[2025-04-27 22:37:20 PM INFO: Server is running on http://localhost:5000]
[2025-04-27 22:37:25 PM INFO: Database connected successfully]
[2025-04-27 22:37:25 PM INFO: Server is running on http://localhost:5000]
[2025-04-27 22:37:27 PM INFO: Database connected successfully]
[2025-04-27 22:37:27 PM INFO: Server is running on http://localhost:5000]
[2025-04-27 22:37:29 PM INFO: Database connected successfully]
[2025-04-27 22:37:29 PM INFO: Server is running on http://localhost:5000]
[2025-04-27 22:37:30 PM INFO: Database connected successfully]
[2025-04-27 22:37:30 PM INFO: Server is running on http://localhost:5000]
[2025-04-27 22:37:35 PM INFO: Database connected successfully]
[2025-04-27 22:37:35 PM INFO: Server is running on http://localhost:5000]
[2025-04-27 22:37:38 PM INFO: Database connected successfully]
[2025-04-27 22:37:38 PM INFO: Server is running on http://localhost:5000]
[2025-04-27 22:37:42 PM INFO: Database connected successfully]
[2025-04-27 22:37:42 PM INFO: Server is running on http://localhost:5000]
[2025-04-27 22:37:45 PM INFO: Database connected successfully]
[2025-04-27 22:37:45 PM INFO: Server is running on http://localhost:5000]
[2025-04-27 22:37:46 PM INFO: Database connected successfully]
[2025-04-27 22:37:46 PM INFO: Server is running on http://localhost:5000]
[2025-04-27 22:37:52 PM INFO: Database connected successfully]
[2025-04-27 22:37:52 PM INFO: Server is running on http://localhost:5000]
[2025-04-27 22:38:05 PM INFO: Database connected successfully]
[2025-04-27 22:38:05 PM INFO: Server is running on http://localhost:5000]
[2025-04-27 22:38:08 PM INFO: Database connected successfully]
[2025-04-27 22:38:08 PM INFO: Server is running on http://localhost:5000]
[2025-04-27 22:38:15 PM INFO: Database connected successfully]
[2025-04-27 22:38:15 PM INFO: Server is running on http://localhost:5000]
[2025-04-27 22:38:17 PM INFO: Database connected successfully]
[2025-04-27 22:38:17 PM INFO: Server is running on http://localhost:5000]
[2025-04-27 22:38:20 PM INFO: Database connected successfully]
[2025-04-27 22:38:20 PM INFO: Server is running on http://localhost:5000]
[2025-04-27 22:39:07 PM INFO: Database connected successfully]
[2025-04-27 22:39:07 PM INFO: Server is running on http://localhost:5000]
[2025-04-27 22:40:05 PM INFO: Database connected successfully]
[2025-04-27 22:40:05 PM INFO: Server is running on http://localhost:5000]
[2025-04-27 22:40:06 PM INFO: Database connected successfully]
[2025-04-27 22:40:06 PM INFO: Server is running on http://localhost:5000]
[2025-04-27 22:40:15 PM INFO: Database connected successfully]
[2025-04-27 22:40:15 PM INFO: Server is running on http://localhost:5000]
[2025-04-27 22:40:18 PM INFO: Database connected successfully]
[2025-04-27 22:40:18 PM INFO: Server is running on http://localhost:5000]
[2025-04-27 22:40:22 PM INFO: Database connected successfully]
[2025-04-27 22:40:22 PM INFO: Server is running on http://localhost:5000]
[2025-04-27 22:40:23 PM INFO: Database connected successfully]
[2025-04-27 22:40:23 PM INFO: Server is running on http://localhost:5000]
[2025-04-27 22:40:26 PM INFO: Database connected successfully]
[2025-04-27 22:40:26 PM INFO: Server is running on http://localhost:5000]
[2025-04-27 22:40:39 PM INFO: Database connected successfully]
[2025-04-27 22:40:39 PM INFO: Server is running on http://localhost:5000]
[2025-04-27 22:40:41 PM INFO: Database connected successfully]
[2025-04-27 22:40:41 PM INFO: Server is running on http://localhost:5000]
[2025-04-27 22:40:59 PM INFO: Database connected successfully]
[2025-04-27 22:40:59 PM INFO: Server is running on http://localhost:5000]
[2025-04-27 22:41:01 PM INFO: Database connected successfully]
[2025-04-27 22:41:01 PM INFO: Server is running on http://localhost:5000]
[2025-04-27 22:41:08 PM INFO: Database connected successfully]
[2025-04-27 22:41:08 PM INFO: Server is running on http://localhost:5000]
[2025-04-27 22:41:11 PM INFO: Database connected successfully]
[2025-04-27 22:41:11 PM INFO: Server is running on http://localhost:5000]
[2025-04-27 22:41:13 PM INFO: Database connected successfully]
[2025-04-27 22:41:13 PM INFO: Server is running on http://localhost:5000]
[2025-04-27 22:41:16 PM INFO: Database connected successfully]
[2025-04-27 22:41:16 PM INFO: Server is running on http://localhost:5000]
[2025-04-27 22:41:25 PM INFO: Database connected successfully]
[2025-04-27 22:41:26 PM INFO: Server is running on http://localhost:5000]
[2025-04-27 22:41:29 PM INFO: Database connected successfully]
[2025-04-27 22:41:29 PM INFO: Server is running on http://localhost:5000]
[2025-04-27 22:41:32 PM INFO: Database connected successfully]
[2025-04-27 22:41:32 PM INFO: Server is running on http://localhost:5000]
[2025-04-27 22:41:36 PM INFO: Database connected successfully]
[2025-04-27 22:41:36 PM INFO: Server is running on http://localhost:5000]
[2025-04-27 22:41:37 PM INFO: Database connected successfully]
[2025-04-27 22:41:37 PM INFO: Server is running on http://localhost:5000]
[2025-04-27 22:42:19 PM INFO: Database connected successfully]
[2025-04-27 22:42:19 PM INFO: Server is running on http://localhost:5000]
[2025-04-27 22:42:23 PM INFO: Database connected successfully]
[2025-04-27 22:42:23 PM INFO: Server is running on http://localhost:5000]
[2025-04-27 22:42:33 PM INFO: Database connected successfully]
[2025-04-27 22:42:33 PM INFO: Server is running on http://localhost:5000]
[2025-04-27 22:42:35 PM INFO: Database connected successfully]
[2025-04-27 22:42:35 PM INFO: Server is running on http://localhost:5000]
[2025-04-27 22:42:41 PM INFO: Database connected successfully]
[2025-04-27 22:42:41 PM INFO: Server is running on http://localhost:5000]
[2025-04-27 22:42:47 PM INFO: Database connected successfully]
[2025-04-27 22:42:47 PM INFO: Server is running on http://localhost:5000]
[2025-04-27 22:42:49 PM INFO: Database connected successfully]
[2025-04-27 22:42:49 PM INFO: Server is running on http://localhost:5000]
[2025-04-27 22:42:53 PM INFO: Database connected successfully]
[2025-04-27 22:42:53 PM INFO: Server is running on http://localhost:5000]
[2025-04-27 22:43:00 PM INFO: Database connected successfully]
[2025-04-27 22:43:00 PM INFO: Server is running on http://localhost:5000]
[2025-04-27 22:43:05 PM INFO: Database connected successfully]
[2025-04-27 22:43:05 PM INFO: Server is running on http://localhost:5000]
[2025-04-27 22:43:11 PM INFO: Database connected successfully]
[2025-04-27 22:43:11 PM INFO: Server is running on http://localhost:5000]
[2025-04-27 22:43:16 PM INFO: Database connected successfully]
[2025-04-27 22:43:16 PM INFO: Server is running on http://localhost:5000]
[2025-04-27 22:43:18 PM INFO: Database connected successfully]
[2025-04-27 22:43:18 PM INFO: Server is running on http://localhost:5000]
[2025-04-27 22:43:19 PM INFO: Database connected successfully]
[2025-04-27 22:43:19 PM INFO: Server is running on http://localhost:5000]
[2025-04-27 22:43:26 PM INFO: Database connected successfully]
[2025-04-27 22:43:26 PM INFO: Server is running on http://localhost:5000]
[2025-04-27 22:43:29 PM INFO: Database connected successfully]
[2025-04-27 22:43:29 PM INFO: Server is running on http://localhost:5000]
[2025-04-27 22:43:32 PM INFO: Database connected successfully]
[2025-04-27 22:43:32 PM INFO: Server is running on http://localhost:5000]
[2025-04-27 22:43:34 PM INFO: Database connected successfully]
[2025-04-27 22:43:34 PM INFO: Server is running on http://localhost:5000]
[2025-04-27 22:43:36 PM INFO: Database connected successfully]
[2025-04-27 22:43:36 PM INFO: Server is running on http://localhost:5000]
[2025-04-27 22:43:37 PM INFO: Database connected successfully]
[2025-04-27 22:43:37 PM INFO: Server is running on http://localhost:5000]
[2025-04-27 22:43:40 PM INFO: Database connected successfully]
[2025-04-27 22:43:40 PM INFO: Server is running on http://localhost:5000]
[2025-04-27 22:43:43 PM INFO: Database connected successfully]
[2025-04-27 22:43:43 PM INFO: Server is running on http://localhost:5000]
[2025-04-27 22:43:48 PM INFO: Database connected successfully]
[2025-04-27 22:43:48 PM INFO: Server is running on http://localhost:5000]
[2025-04-27 22:43:54 PM INFO: Database connected successfully]
[2025-04-27 22:43:54 PM INFO: Server is running on http://localhost:5000]
[2025-04-27 22:43:56 PM INFO: Database connected successfully]
[2025-04-27 22:43:56 PM INFO: Server is running on http://localhost:5000]
[2025-04-27 22:56:20 PM INFO: Database connected successfully]
[2025-04-27 22:56:20 PM INFO: Server is running on http://localhost:5000]
[2025-04-27 22:56:25 PM INFO: Database connected successfully]
[2025-04-27 22:56:25 PM INFO: Server is running on http://localhost:5000]
[2025-04-27 22:57:08 PM INFO: Database connected successfully]
[2025-04-27 22:57:08 PM INFO: Server is running on http://localhost:5000]
[2025-04-27 22:57:20 PM INFO: Database connected successfully]
[2025-04-27 22:57:20 PM INFO: Server is running on http://localhost:5000]
[2025-04-27 22:57:24 PM INFO: Database connected successfully]
[2025-04-27 22:57:24 PM INFO: Server is running on http://localhost:5000]
[2025-04-27 22:57:28 PM INFO: Database connected successfully]
[2025-04-27 22:57:28 PM INFO: Server is running on http://localhost:5000]
[2025-04-27 22:57:30 PM INFO: Database connected successfully]
[2025-04-27 22:57:30 PM INFO: Server is running on http://localhost:5000]
[2025-04-27 22:57:32 PM INFO: Database connected successfully]
[2025-04-27 22:57:32 PM INFO: Server is running on http://localhost:5000]
[2025-04-27 22:57:35 PM INFO: Database connected successfully]
[2025-04-27 22:57:35 PM INFO: Server is running on http://localhost:5000]
[2025-04-27 22:58:03 PM INFO: Database connected successfully]
[2025-04-27 22:58:03 PM INFO: Server is running on http://localhost:5000]
[2025-04-27 22:58:06 PM INFO: Database connected successfully]
[2025-04-27 22:58:06 PM INFO: Server is running on http://localhost:5000]
[2025-04-27 22:58:17 PM INFO: Database connected successfully]
[2025-04-27 22:58:17 PM INFO: Server is running on http://localhost:5000]
[2025-04-27 22:58:29 PM INFO: Database connected successfully]
[2025-04-27 22:58:29 PM INFO: Server is running on http://localhost:5000]
[2025-04-27 22:58:37 PM INFO: Database connected successfully]
[2025-04-27 22:58:37 PM INFO: Server is running on http://localhost:5000]
[2025-04-27 22:58:41 PM INFO: Database connected successfully]
[2025-04-27 22:58:41 PM INFO: Server is running on http://localhost:5000]
[2025-04-27 22:58:47 PM INFO: Database connected successfully]
[2025-04-27 22:58:47 PM INFO: Server is running on http://localhost:5000]
[2025-04-27 22:58:59 PM INFO: Database connected successfully]
[2025-04-27 22:58:59 PM INFO: Server is running on http://localhost:5000]
[2025-04-27 22:59:01 PM INFO: Database connected successfully]
[2025-04-27 22:59:01 PM INFO: Server is running on http://localhost:5000]
[2025-04-27 22:59:02 PM INFO: Database connected successfully]
[2025-04-27 22:59:02 PM INFO: Server is running on http://localhost:5000]
[2025-04-27 22:59:08 PM INFO: Database connected successfully]
[2025-04-27 22:59:08 PM INFO: Server is running on http://localhost:5000]
[2025-04-27 22:59:10 PM INFO: Database connected successfully]
[2025-04-27 22:59:10 PM INFO: Server is running on http://localhost:5000]
[2025-04-27 22:59:14 PM INFO: Database connected successfully]
[2025-04-27 22:59:14 PM INFO: Server is running on http://localhost:5000]
[2025-04-27 22:59:16 PM INFO: Database connected successfully]
[2025-04-27 22:59:16 PM INFO: Server is running on http://localhost:5000]
[2025-04-27 22:59:17 PM INFO: Database connected successfully]
[2025-04-27 22:59:17 PM INFO: Server is running on http://localhost:5000]
[2025-04-27 22:59:20 PM INFO: Database connected successfully]
[2025-04-27 22:59:20 PM INFO: Server is running on http://localhost:5000]
[2025-04-27 22:59:32 PM INFO: Database connected successfully]
[2025-04-27 22:59:32 PM INFO: Server is running on http://localhost:5000]
[2025-04-27 22:59:39 PM INFO: Database connected successfully]
[2025-04-27 22:59:39 PM INFO: Server is running on http://localhost:5000]
[2025-04-27 22:59:46 PM INFO: Database connected successfully]
[2025-04-27 22:59:46 PM INFO: Server is running on http://localhost:5000]
[2025-04-27 22:59:48 PM INFO: Database connected successfully]
[2025-04-27 22:59:48 PM INFO: Server is running on http://localhost:5000]
[2025-04-27 22:59:51 PM INFO: Database connected successfully]
[2025-04-27 22:59:51 PM INFO: Server is running on http://localhost:5000]
[2025-04-27 22:59:54 PM INFO: Database connected successfully]
[2025-04-27 22:59:54 PM INFO: Server is running on http://localhost:5000]
[2025-04-27 22:59:56 PM INFO: Database connected successfully]
[2025-04-27 22:59:56 PM INFO: Server is running on http://localhost:5000]
[2025-04-27 23:00:01 PM INFO: Database connected successfully]
[2025-04-27 23:00:01 PM INFO: Server is running on http://localhost:5000]
[2025-04-27 23:00:04 PM INFO: Database connected successfully]
[2025-04-27 23:00:04 PM INFO: Server is running on http://localhost:5000]
[2025-04-27 23:00:14 PM INFO: Database connected successfully]
[2025-04-27 23:00:14 PM INFO: Server is running on http://localhost:5000]
[2025-04-27 23:00:16 PM INFO: Database connected successfully]
[2025-04-27 23:00:16 PM INFO: Server is running on http://localhost:5000]
[2025-04-27 23:00:19 PM INFO: Database connected successfully]
[2025-04-27 23:00:19 PM INFO: Server is running on http://localhost:5000]
[2025-04-27 23:00:21 PM INFO: Database connected successfully]
[2025-04-27 23:00:21 PM INFO: Server is running on http://localhost:5000]
[2025-04-27 23:00:23 PM INFO: Database connected successfully]
[2025-04-27 23:00:23 PM INFO: Server is running on http://localhost:5000]
[2025-04-27 23:00:25 PM INFO: Database connected successfully]
[2025-04-27 23:00:25 PM INFO: Server is running on http://localhost:5000]
[2025-04-27 23:00:26 PM INFO: Database connected successfully]
[2025-04-27 23:00:26 PM INFO: Server is running on http://localhost:5000]
[2025-04-27 23:00:29 PM INFO: Database connected successfully]
[2025-04-27 23:00:29 PM INFO: Server is running on http://localhost:5000]
[2025-04-27 23:00:42 PM INFO: Database connected successfully]
[2025-04-27 23:00:42 PM INFO: Server is running on http://localhost:5000]
[2025-04-27 23:00:47 PM INFO: Database connected successfully]
[2025-04-27 23:00:47 PM INFO: Server is running on http://localhost:5000]
[2025-04-27 23:00:53 PM INFO: Database connected successfully]
[2025-04-27 23:00:53 PM INFO: Server is running on http://localhost:5000]
[2025-04-27 23:01:02 PM INFO: Database connected successfully]
[2025-04-27 23:01:02 PM INFO: Server is running on http://localhost:5000]
[2025-04-27 23:01:06 PM INFO: Database connected successfully]
[2025-04-27 23:01:06 PM INFO: Server is running on http://localhost:5000]
[2025-04-27 23:01:07 PM INFO: Database connected successfully]
[2025-04-27 23:01:07 PM INFO: Server is running on http://localhost:5000]
[2025-04-27 23:01:12 PM INFO: Database connected successfully]
[2025-04-27 23:01:12 PM INFO: Server is running on http://localhost:5000]
[2025-04-27 23:01:43 PM INFO: Database connected successfully]
[2025-04-27 23:01:43 PM INFO: Server is running on http://localhost:5000]
[2025-04-27 23:01:48 PM INFO: Database connected successfully]
[2025-04-27 23:01:48 PM INFO: Server is running on http://localhost:5000]
[2025-04-27 23:01:54 PM INFO: Database connected successfully]
[2025-04-27 23:01:54 PM INFO: Server is running on http://localhost:5000]
[2025-04-27 23:01:57 PM INFO: Database connected successfully]
[2025-04-27 23:01:57 PM INFO: Server is running on http://localhost:5000]
[2025-04-27 23:01:59 PM INFO: Database connected successfully]
[2025-04-27 23:01:59 PM INFO: Server is running on http://localhost:5000]
[2025-04-27 23:02:02 PM INFO: Database connected successfully]
[2025-04-27 23:02:02 PM INFO: Server is running on http://localhost:5000]
[2025-04-27 23:02:10 PM INFO: Database connected successfully]
[2025-04-27 23:02:10 PM INFO: Server is running on http://localhost:5000]
[2025-04-27 23:02:13 PM INFO: Database connected successfully]
[2025-04-27 23:02:13 PM INFO: Server is running on http://localhost:5000]
[2025-04-27 23:02:16 PM INFO: Database connected successfully]
[2025-04-27 23:02:16 PM INFO: Server is running on http://localhost:5000]
[2025-04-27 23:02:19 PM INFO: Database connected successfully]
[2025-04-27 23:02:19 PM INFO: Server is running on http://localhost:5000]
[2025-04-27 23:02:25 PM INFO: Database connected successfully]
[2025-04-27 23:02:25 PM INFO: Server is running on http://localhost:5000]
[2025-04-27 23:02:27 PM INFO: Database connected successfully]
[2025-04-27 23:02:27 PM INFO: Server is running on http://localhost:5000]
[2025-04-27 23:02:30 PM INFO: Database connected successfully]
[2025-04-27 23:02:30 PM INFO: Server is running on http://localhost:5000]
[2025-04-27 23:02:31 PM INFO: Database connected successfully]
[2025-04-27 23:02:31 PM INFO: Server is running on http://localhost:5000]
[2025-04-27 23:02:33 PM INFO: Database connected successfully]
[2025-04-27 23:02:33 PM INFO: Server is running on http://localhost:5000]
[2025-04-27 23:02:47 PM INFO: Database connected successfully]
[2025-04-27 23:02:47 PM INFO: Server is running on http://localhost:5000]
[2025-04-27 23:02:49 PM INFO: Database connected successfully]
[2025-04-27 23:02:49 PM INFO: Server is running on http://localhost:5000]
[2025-04-27 23:02:52 PM INFO: Database connected successfully]
[2025-04-27 23:02:52 PM INFO: Server is running on http://localhost:5000]
[2025-04-27 23:02:56 PM INFO: Database connected successfully]
[2025-04-27 23:02:56 PM INFO: Server is running on http://localhost:5000]
[2025-04-27 23:02:57 PM INFO: Database connected successfully]
[2025-04-27 23:02:57 PM INFO: Server is running on http://localhost:5000]
[2025-04-27 23:03:02 PM INFO: Database connected successfully]
[2025-04-27 23:03:02 PM INFO: Server is running on http://localhost:5000]
[2025-04-27 23:03:11 PM INFO: Database connected successfully]
[2025-04-27 23:03:11 PM INFO: Server is running on http://localhost:5000]
[2025-04-27 23:03:17 PM INFO: Database connected successfully]
[2025-04-27 23:03:17 PM INFO: Server is running on http://localhost:5000]
[2025-04-27 23:03:22 PM INFO: Database connected successfully]
[2025-04-27 23:03:22 PM INFO: Server is running on http://localhost:5000]
[2025-04-27 23:03:31 PM INFO: Database connected successfully]
[2025-04-27 23:03:31 PM INFO: Server is running on http://localhost:5000]
[2025-04-27 23:07:47 PM INFO: Database connected successfully]
[2025-04-27 23:07:48 PM INFO: Server is running on http://localhost:5000]
[2025-04-27 23:07:55 PM INFO: Database connected successfully]
[2025-04-27 23:07:55 PM INFO: Server is running on http://localhost:5000]
[2025-04-27 23:07:57 PM INFO: Database connected successfully]
[2025-04-27 23:07:57 PM INFO: Server is running on http://localhost:5000]
[2025-04-27 23:08:01 PM INFO: Database connected successfully]
[2025-04-27 23:08:01 PM INFO: Server is running on http://localhost:5000]
[2025-04-27 23:08:03 PM INFO: Database connected successfully]
[2025-04-27 23:08:03 PM INFO: Server is running on http://localhost:5000]
[2025-04-27 23:08:05 PM INFO: Database connected successfully]
[2025-04-27 23:08:05 PM INFO: Server is running on http://localhost:5000]
[2025-04-27 23:08:07 PM INFO: Database connected successfully]
[2025-04-27 23:08:07 PM INFO: Server is running on http://localhost:5000]
[2025-04-27 23:08:11 PM INFO: Database connected successfully]
[2025-04-27 23:08:11 PM INFO: Server is running on http://localhost:5000]
[2025-04-27 23:08:19 PM INFO: Database connected successfully]
[2025-04-27 23:08:19 PM INFO: Server is running on http://localhost:5000]
[2025-04-27 23:08:22 PM INFO: Database connected successfully]
[2025-04-27 23:08:22 PM INFO: Server is running on http://localhost:5000]
[2025-04-27 23:08:27 PM INFO: Database connected successfully]
[2025-04-27 23:08:27 PM INFO: Server is running on http://localhost:5000]
[2025-04-27 23:08:47 PM INFO: Database connected successfully]
[2025-04-27 23:08:47 PM INFO: Server is running on http://localhost:5000]
[2025-04-27 23:08:51 PM INFO: Database connected successfully]
[2025-04-27 23:08:51 PM INFO: Server is running on http://localhost:5000]
[2025-04-27 23:08:53 PM INFO: Database connected successfully]
[2025-04-27 23:08:53 PM INFO: Server is running on http://localhost:5000]
[2025-04-27 23:08:56 PM INFO: Database connected successfully]
[2025-04-27 23:08:56 PM INFO: Server is running on http://localhost:5000]
[2025-04-27 23:09:46 PM INFO: Database connected successfully]
[2025-04-27 23:09:46 PM INFO: Server is running on http://localhost:5000]
